-- MENU -- 0
0 => B"010111_1100_00_0000", -- "LOAD #0, Gr12"
1 => "0000000000000000", -- 0
2 => B"010111_1101_00_0000", -- "LOAD #0, Gr13"
3 => "0000000000000000", -- 0
-- MENULOOPX -- 0
4 => B"010111_1110_00_0000", -- "LOAD #MENULOOPXRETURN, Gr14" -- 8
5 => "0000000000001000", -- 8
6 => B"001001_0000_00_0000", -- "BRA #TOGMEM" -- 420
7 => "0000000110100100", -- 420
-- MENULOOPXRETURN -- 8
8 => B"010110_1101_01_0000", -- "STORE $D00, Gr13"
9 => "0000110100000000",
10 => B"010111_0010_01_0000", -- "LOAD $D00, Gr2"
11 => "0000110100000000",
12 => B"010011_0010_00_0000", -- "LSL #3, Gr2"
13 => "0000000000000011", -- 3
14 => B"010110_1100_01_0000", -- "STORE $D00, Gr12"
15 => "0000110100000000",
16 => B"010111_0011_01_0000", -- "LOAD $D00, Gr3"
17 => "0000110100000000",
18 => B"010010_0011_00_0000", -- "LSR #2, Gr3"
19 => "0000000000000010", -- 2
20 => B"010110_0011_01_0000", -- "STORE $D00, Gr3"
21 => "0000110100000000",
22 => B"000001_0010_01_0000", -- "ADD $D00, Gr2"
23 => "0000110100000000",
24 => B"010110_1100_01_0000", -- "STORE $D00, Gr12"
25 => "0000110100000000",
26 => B"010111_0011_01_0000", -- "LOAD $D00, Gr3"
27 => "0000110100000000",
28 => B"000101_0011_00_0000", -- "AND #$0003, Gr3"
29 => "0000000000000011", -- 3
30 => B"000010_0011_00_0000", -- "SUB #1, Gr3"
31 => "0000000000000001", -- 1
32 => B"010111_0100_11_0010", -- "LOAD $B00, Gr4, Gr2"
33 => "0000101100000000",
34 => B"010011_0011_00_0000", -- "LSL #2, Gr3"
35 => "0000000000000010", -- 2
36 => B"010110_0100_01_0000", -- "STORE $D00, Gr4"
37 => "0000110100000000",
38 => B"010011_0100_01_0000", -- "LSL $D00, Gr4"
39 => "0000110100000000",
40 => B"000101_0100_00_0000", -- "AND Gr4, #$F000"
41 => "0000000000000000", -- 0
42 => B"011000_0100_00_0000", -- "GSTORE Gr4"
43 => "0000000000000000", -- 0
44 => B"000001_1100_00_0000", -- "ADD #1, Gr12"
45 => "0000000000000001", -- 1
46 => B"000100_1100_00_0000", -- "CMP #32, Gr12"
47 => "0000000000100000", -- 32
48 => B"001010_0000_00_0000", -- "BNE #MENULOOPX" -- 0
49 => "0000000000000100", -- 4
50 => B"000001_1101_00_0000", -- "ADD #1, Gr13"
51 => "0000000000000001", -- 1
52 => B"000100_1101_00_0000", -- "CMP #32, Gr13"
53 => "0000000000100000", -- 32
54 => B"010111_1100_00_0000", -- "LOAD #0, Gr12"
55 => "0000000000000000", -- 0
56 => B"001010_0000_00_0000", -- "BNE #MENULOOPX" -- 0
57 => "0000000000000100", -- 4
-- MENULOOP -- 0
58 => B"011001_0000_00_0000", -- "SPI Gr0"
59 => "0000000000000000", -- 0
60 => B"000100_0000_00_0000", -- "CMP #UP, Gr0"
61 => "UP",
62 => B"001011_0000_00_0000", -- "BEQ #UPDIRSPEED" -- 78
63 => "0000000001001110", -- 78
64 => B"000100_0000_00_0000", -- "CMP #RIGHT, Gr0"
65 => "RIGHT",
66 => B"001011_0000_00_0000", -- "BEQ #RIGHTDIRSPEED" -- 82
67 => "0000000001010010", -- 82
68 => B"000100_0000_00_0000", -- "CMP #DOWN, Gr0"
69 => "DOWN",
70 => B"001011_0000_00_0000", -- "BEQ #DOWNDIRSPEED" -- 86
71 => "0000000001010110", -- 86
72 => B"000100_0000_00_0000", -- "CMP #LEFT, Gr0"
73 => "LEFT",
74 => B"001011_0000_00_0000", -- "BEQ #LEFTDIRSPEED" -- 90
75 => "0000000001011010", -- 90
76 => B"001001_0000_00_0000", -- "BRA #MENULOOP" -- 0
77 => "0000000000111010", -- 58
-- UPDIRSPEED -- 78
78 => B"010111_0000_00_0000", -- "LOAD  #1000, Gr0"
79 => "0000001111101000", -- 1000
80 => B"001001_0000_00_0000", -- "BRA #STORESPEED" -- 94
81 => "0000000001011110", -- 94
-- RIGHTDIRSPEED -- 82
82 => B"010111_0000_00_0000", -- "LOAD  #800, Gr0"
83 => "0000001100100000", -- 800
84 => B"001001_0000_00_0000", -- "BRA #STORESPEED," -- 94
85 => "0000000001011110", -- 94
-- DOWNDIRSPEED -- 86
86 => B"010111_0000_00_0000", -- "LOAD  #600, Gr0"
87 => "0000001001011000", -- 600
88 => B"001001_0000_00_0000", -- "BRA #STORESPEED" -- 94
89 => "0000000001011110", -- 94
-- LEFTDIRSPEED -- 90
90 => B"010111_0000_00_0000", -- "LOAD  #400, Gr0"
91 => "0000000110010000", -- 400
92 => B"001001_0000_00_0000", -- "BRA #STORESPEED" -- 94
93 => "0000000001011110", -- 94
-- STORESPEED -- 94
94 => B"010110_0000_00_0000", -- "STORE #$CC1, Gr0"
95 => "0000110011000001",
-- UART -- 96
96 => B"010111_0000_00_0000", -- "LOAD #0, Gr0"
97 => "0000000000000000", -- 0
-- UARTLOOP -- 98
98 => B"010000_0000_00_0000", -- "BOU #UARTREADY " -- 96
99 => "0000000001100110", -- 102
100 => B"001001_0000_00_0000", -- "BRA #UARTLOOP " -- 98
101 => "0000000001100010", -- 98
-- UARTREADY -- 96
102 => B"011010_0001_00_0000", -- "LOADUART Gr1" -- 96
103 => "0000000000000000", -- 0
104 => B"010110_0001_00_0000", -- "STORE #$C80, Gr1, Gr0"
105 => "0000110010000000",
106 => B"000001_0000_00_0000", -- "ADD #1, Gr0"
107 => "0000000000000001", -- 1
108 => B"000100_0000_00_0000", -- "CMP #64, Gr0"
109 => "0000000001000000", -- 64
110 => B"001011_0000_00_0000", -- "BEQ #GAME" -- 114
111 => "0000000001110010", -- 114
112 => B"001001_0000_00_0000", -- "BRA #UARTLOOP" -- 98
113 => "0000000001100010", -- 98
-- GAME -- 114
114 => B"010111_0000_00_0000", -- "LOAD #0, Gr0"
115 => "0000000000000000", -- 0
116 => B"010110_0000_01_0000", -- "STORE $AFD, Gr0"
117 => "0000101011111101",
118 => B"010111_0001_00_0000", -- "LOAD #1, Gr1"
119 => "0000000000000001", -- 1
120 => B"010110_0001_01_0000", -- "STORE $AFE, Gr1"
121 => "0000101011111110",
122 => B"010111_0001_00_0000", -- "LOAD #3, Gr1"
123 => "0000000000000011", -- 3
124 => B"010110_0001_01_0000", -- "STORE $AFF, Gr1"
125 => "0000101011111111",
126 => B"010111_1100_00_0000", -- "LOAD #16, Gr12"
127 => "0000000000010000", -- 16
128 => B"010111_1101_00_0000", -- "LOAD #16, Gr13"
129 => "0000000000010000", -- 16
130 => B"010111_1110_00_0000", -- "LOAD #GAMERETURN, Gr14" -- 114
131 => "0000000010000110", -- 134
132 => B"001001_0000_00_0000", -- "BRA #TOGMEM" -- 420
133 => "0000000110100100", -- 420
-- GAMERETURN -- 114
134 => B"010110_1111_01_0000", -- "STORE $CC0, Gr15"
135 => "0000110011000000",
136 => B"010111_0000_00_0000", -- "LOAD #0, Gr0"
137 => "0000000000000000", -- 0
138 => B"010111_0001_00_0000", -- "LOAD #0, Gr1"
139 => "0000000000000000", -- 0
-- RESETSNAKESLOOP -- 140
140 => B"010110_0001_11_0000", -- "STORE $C00, Gr1, Gr0"
141 => "0000110000000000",
142 => B"010110_0001_11_0000", -- "STORE $C40, Gr1, Gr0"
143 => "0000110001000000",
144 => B"000001_0000_00_0000", -- "ADD #1, Gr0"
145 => "0000000000000001", -- 1
146 => B"000100_0000_00_0000", -- "CMP #64"
147 => "0000000001000000", -- 64
148 => B"001010_0000_00_0000", -- "BNE #RESETSNAKESLOOP" -- 140
149 => "0000000010001100", -- 140
150 => B"010111_1100_00_0000", -- "LOAD #4, Gr12"
151 => "0000000000000100", -- 4
152 => B"010111_1101_00_0000", -- "LOAD #4, Gr13"
153 => "0000000000000100", -- 4
154 => B"010111_1110_00_0000", -- "LOAD #SETSTARTRETURN1, Gr14" -- 158
155 => "0000000010011110", -- 158
156 => B"001001_0000_00_0000", -- "BRA #TOGMEM" -- 420
157 => "0000000110100100", -- 420
-- SETSTARTRETURN1 -- 158
158 => B"010110_1111_01_0000", -- "STORE $C00, Gr15"
159 => "0000110000000000",
160 => B"010111_0000_00_0000", -- "LOAD #0, Gr0"
161 => "0000000000000000", -- 0
162 => B"010110_0000_01_0000", -- "STORE $AF9, Gr0"
163 => "0000101011111001",
164 => B"010110_0000_01_0000", -- "STORE $AFA, Gr0"
165 => "0000101011111010",
166 => B"010111_1100_00_0000", -- "LOAD #27, Gr12"
167 => "0000000000011011", -- 27
168 => B"010111_1101_00_0000", -- "LOAD #27, Gr13"
169 => "0000000000011011", -- 27
170 => B"010111_1110_00_0000", -- "LOAD #SETSTARTRETURN2, Gr14" -- 174
171 => "0000000010101110", -- 174
172 => B"001001_0000_00_0000", -- "BRA #TOGMEM" -- 420
173 => "0000000110100100", -- 420
-- SETSTARTRETURN2 -- 174
174 => B"010110_1111_01_0000", -- "STORE $C40, Gr15"
175 => "0000110001000000",
176 => B"010111_0000_00_0000", -- "LOAD #0, Gr0"
177 => "0000000000000000", -- 0
178 => B"010110_0000_01_0000", -- "STORE $AFB, Gr0"
179 => "0000101011111011",
180 => B"010110_0000_01_0000", -- "STORE $AFC, Gr0"
181 => "0000101011111100",
-- PRINTMAP -- 182
182 => B"010111_0000_00_0000", -- "LOAD #0, Gr0"
183 => "0000000000000000", -- 0
184 => B"010111_0001_00_0000", -- "LOAD #0, Gr1"
185 => "0000000000000000", -- 0
-- PRINTMAPLOOPX -- 186
186 => B"010110_0000_01_0000", -- "STORE $F00, Gr0"
187 => "0000111100000000",
188 => B"010110_0001_01_0000", -- "STORE $F01, Gr1"
189 => "0000111100000001",
190 => B"010111_1100_01_0000", -- "LOAD $F00, Gr12"
191 => "0000111100000000",
192 => B"010111_1101_01_0000", -- "LOAD $F01, Gr13"
193 => "0000111100000001",
194 => B"010111_1110_00_0000", -- "LOAD #PRINTMAPRETURN, Gr14" -- 182
195 => "0000000011000110", -- 198
196 => B"001001_0000_00_0000", -- "BRA #TOGMEM" -- 420
197 => "0000000110100100", -- 420
-- PRINTMAPRETURN -- 182
198 => B"010111_1110_00_0000", -- "LOAD #PRINTMAPRETURN2, Gr14" -- 202
199 => "0000000011001010", -- 202
200 => B"001001_0000_00_0000", -- "BRA #GETOBSTACLEBYGMEM" -- 448
201 => "0000000111000000", -- 448
-- PRINTMAPRETURN2 -- 202
202 => B"011000_1011_00_0000", -- "GSTORE Gr11"
203 => "0000000000000000", -- 0
204 => B"000001_0000_00_0000", -- "ADD #1, Gr0"
205 => "0000000000000001", -- 1
206 => B"000100_0000_00_0000", -- "CMP #32, Gr0"
207 => "0000000000100000", -- 32
208 => B"001010_0000_00_0000", -- "BNE #PRINTMAPLOOPX" -- 186
209 => "0000000010111010", -- 186
-- PRINTMAPLOOPY -- 210
210 => B"010111_0000_00_0000", -- "LOAD #0, Gr0"
211 => "0000000000000000", -- 0
212 => B"000001_0001_00_0000", -- "ADD #1, Gr1"
213 => "0000000000000001", -- 1
214 => B"000100_0001_00_0000", -- "CMP #32, Gr1"
215 => "0000000000100000", -- 32
216 => B"001010_0000_00_0000", -- "BNE #PRINTMAPLOOPX" -- 186
217 => "0000000010111010", -- 186
-- GAMELOOP -- 114
-- SNAKELOADOLD1 -- 218
218 => B"010111_0000_01_0000", -- "LOAD $AF9, Gr0"
219 => "0000101011111001",
220 => B"010111_1111_11_0000", -- "LOAD $C00, Gr15, Gr0"
221 => "0000110000000000",
222 => B"010111_1110_00_0000", -- "LOAD #SNAKERETURNA, Gr14" -- 226
223 => "0000000011100010", -- 226
224 => B"001001_0000_00_0000", -- "BRA #FROMGMEM" -- 434
225 => "0000000110110010", -- 434
-- SNAKERETURNA -- 226
226 => B"011001_0000_00_0000", -- "SPI Gr0"
227 => "0000000000000000", -- 0
228 => B"000100_0000_00_0000", -- "CMP #UP, Gr0"
229 => "UP",
230 => B"001011_0000_00_0000", -- "BEQ #SNAKEUP1" -- 262
231 => "0000000100000110", -- 262
232 => B"000100_0000_00_0000", -- "CMP #RIGHT, Gr0"
233 => "RIGHT",
234 => B"001011_0000_00_0000", -- "BEQ #SNAKERIGHT1" -- 268
235 => "0000000100001100", -- 268
236 => B"000100_0000_00_0000", -- "CMP #DOWN, Gr0"
237 => "DOWN",
238 => B"001011_0000_00_0000", -- "BEQ #SNAKEDOWN1" -- 274
239 => "0000000100010010", -- 274
240 => B"000100_0000_00_0000", -- "CMP #LEFT, Gr0"
241 => "LEFT",
242 => B"001011_0000_00_0000", -- "BEQ #SNAKELEFT1" -- 280
243 => "0000000100011000", -- 280
244 => B"010111_0001_01_0000", -- "LOAD $AFE, Gr1"
245 => "0000101011111110",
246 => B"000100_0001_00_0000", -- "CMP #0, Gr1"
247 => "0000000000000000", -- 0
248 => B"001011_0000_00_0000", -- "BEQ #SNAKEUP1" -- 262
249 => "0000000100000110", -- 262
250 => B"000100_0001_00_0000", -- "CMP #1, Gr1"
251 => "0000000000000001", -- 1
252 => B"001011_0000_00_0000", -- "BEQ #SNAKERIGHT1" -- 268
253 => "0000000100001100", -- 268
254 => B"000100_0001_00_0000", -- "CMP #2, Gr1"
255 => "0000000000000010", -- 2
256 => B"001011_0000_00_0000", -- "BEQ #SNAKEDOWN1" -- 274
257 => "0000000100010010", -- 274
258 => B"000100_0001_00_0000", -- "CMP #3, Gr1"
259 => "0000000000000011", -- 3
260 => B"001011_0000_00_0000", -- "BEQ #SNAKELEFT1" -- 280
261 => "0000000100011000", -- 280
-- SNAKEUP1 -- 262
262 => B"010111_0010_00_0000", -- "LOAD #0, Gr2"
263 => "0000000000000000", -- 0
264 => B"000010_1101_00_0000", -- "SUB #1, Gr13"
265 => "0000000000000001", -- 1
266 => B"001001_0000_00_0000", -- "BRA #SNAKESTOREHEADPOS" -- 286
267 => "0000000100011110", -- 286
-- SNAKERIGHT1 -- 268
268 => B"010111_0010_00_0000", -- "LOAD #1, Gr2"
269 => "0000000000000001", -- 1
270 => B"000001_1100_00_0000", -- "ADD #1, Gr12"
271 => "0000000000000001", -- 1
272 => B"001001_0000_00_0000", -- "BRA #SNAKESTOREHEADPOS" -- 286
273 => "0000000100011110", -- 286
-- SNAKEDOWN1 -- 274
274 => B"010111_0010_00_0000", -- "LOAD #2, Gr2"
275 => "0000000000000010", -- 2
276 => B"000001_1101_00_0000", -- "ADD #1, Gr13"
277 => "0000000000000001", -- 1
278 => B"001001_0000_00_0000", -- "BRA #SNAKESTOREHEADPOS" -- 286
279 => "0000000100011110", -- 286
-- SNAKELEFT1 -- 280
280 => B"010111_0010_00_0000", -- "LOAD #3, Gr2"
281 => "0000000000000011", -- 3
282 => B"000010_1100_00_0000", -- "SUB #1, Gr12"
283 => "0000000000000001", -- 1
284 => B"001001_0000_00_0000", -- "BRA #SNAKESTOREHEADPOS" -- 286
285 => "0000000100011110", -- 286
-- SNAKESTOREHEADPOS -- 286
286 => B"010110_0010_01_0000", -- "STORE $AFE, Gr2"
287 => "0000101011111110",
288 => B"010111_1110_00_0000", -- "LOAD #SNAKERETURNB, Gr14" -- 292
289 => "0000000100100100", -- 292
290 => B"001001_0000_00_0000", -- "BRA #TOGMEM" -- 420
291 => "0000000110100100", -- 420
-- SNAKERETURNB -- 292
292 => B"010110_1111_01_0000", -- "STORE $D00, Gr15"
293 => "0000110100000000",
294 => B"010111_0000_01_0000", -- "LOAD $AF9, Gr0"
295 => "0000101011111001",
296 => B"000001_0000_00_0000", -- "ADD #1, Gr0"
297 => "0000000000000001", -- 1
298 => B"000101_0000_00_0000", -- "AND #$003F, Gr0"
299 => "0000000000111111", -- 63
300 => B"010111_0001_01_0000", -- "LOAD $D00, Gr1"
301 => "0000110100000000",
302 => B"010110_0001_11_0000", -- "STORE $C00, Gr1, Gr0"
303 => "0000110000000000",
304 => B"010110_0000_01_0000", -- "STORE $AF9, Gr0"
305 => "0000101011111001",
306 => B"010111_0000_01_0000", -- "LOAD $D00, Gr0"
307 => "0000110100000000",
308 => B"000100_0000_01_0000", -- "CMP $CC0, Gr0"
309 => "0000110011000000",
310 => B"001010_0000_00_0000", -- "BNE #SNAKECHECKMAP1" -- 346
311 => "0000000101011010", -- 346
312 => B"010111_0011_01_0000", -- "LOAD $AFD, Gr3"
313 => "0000101011111101",
314 => B"000001_0011_00_0000", -- "ADD #1, Gr3"
315 => "0000000000000001", -- 1
316 => B"010110_0011_01_0000", -- "STORE $AFD, Gr3"
317 => "0000101011111101",
-- PLACEAPPLELOOP -- 318
318 => B"011011_1100_00_0000", -- "RAND Gr12"
319 => "0000000000000000", -- 0
320 => B"011011_1101_00_0000", -- "RAND Gr13"
321 => "0000000000000000", -- 0
322 => B"010111_1110_00_0000", -- "LOAD #PLACEAPPLERETURN, Gr14"
323 => "PLACEAPPLERETURN",
324 => B"010110_0000_01_0000", -- "STORE $DB0, Gr0"
325 => "0000110110110000",
326 => B"010110_0001_01_0000", -- "STORE $DB1, Gr1"
327 => "0000110110110001",
328 => B"001001_0000_00_0000", -- "BRA #TOGMEM" -- 420
329 => "0000000110100100", -- 420
-- PLACEAPPLERETURN1 -- 330
330 => B"010111_1110_00_0000", -- "LOAD #PLACEAPPLERETURN2, Gr14" -- 334
331 => "0000000101001110", -- 334
332 => B"001001_0000_00_0000", -- "BRA #GETOBSTACLEBYGMEM" -- 448
333 => "0000000111000000", -- 448
-- PLACEAPPLERETURN2 -- 334
334 => B"000100_1011_00_0000", -- "CMP #$FFFF, Gr11"
335 => "1111111111111111",
336 => B"001011_0000_00_0000", -- "BEQ #PLACEAPPLELOOP" -- 318
337 => "0000000100111110", -- 318
338 => B"010110_1111_01_0000", -- "STORE $CC0, Gr15"
339 => "0000110011000000",
340 => B"010111_1000_00_0000", -- "LOAD #$4000, Gr8"
341 => "0100000000000000",
342 => B"011000_1000_00_0000", -- "GSTORE Gr8"
343 => "0000000000000000", -- 0
344 => B"011000_1000_00_0000", -- "GSTORE Gr8"
345 => "0000000000000000", -- 0
-- SNAKECHECKMAP1 -- 346
346 => B"010111_1111_01_0000", -- "LOAD $D00, Gr15"
347 => "0000110100000000",
348 => B"010111_1110_00_0000", -- "LOAD #SNAKEHITRETURN1, Gr14" -- 352
349 => "0000000101100000", -- 352
350 => B"001001_0000_00_0000", -- "BRA #GETOBSTACLEBYGMEM" -- 448
351 => "0000000111000000", -- 448
-- SNAKEHITRETURN1 -- 352
352 => B"000100_1011_00_0000", -- "CMP #$FFFF, Gr11"
353 => "1111111111111111",
354 => B"001010_0000_00_0000", -- "BNE #SNAKEMOVETAIL"
355 => "SNAKEMOVETAIL",
356 => B"001001_0000_00_0000", -- "BRA #MENU" -- 0
357 => "0000000000000000", -- 0
-- SNAKEMOVETAIL1 -- 358
358 => B"010111_0000_01_0000", -- "LOAD $AFA, Gr0"
359 => "0000101011111010",
360 => B"010111_1111_11_0000", -- "LOAD $C00, Gr15, Gr0"
361 => "0000110000000000",
362 => B"000001_0000_00_0000", -- "ADD #1, Gr0"
363 => "0000000000000001", -- 1
364 => B"000101_0000_00_0000", -- "AND #$003F, Gr0"
365 => "0000000000111111", -- 63
366 => B"010110_0000_01_0000", -- "STORE $AFA, Gr0"
367 => "0000101011111010",
368 => B"010111_1000_00_0000", -- "LOAD #$0000, Gr8"
369 => "0000000000000000", -- 0
370 => B"011000_1000_00_0000", -- "GSTORE Gr8"
371 => "0000000000000000", -- 0
-- SNAKECHECKHITPLAYER1 -- 372
372 => B"010111_0000_01_0000", -- "LOAD $AFC, Gr0"
373 => "0000101011111100",
374 => B"010111_0010_01_0000", -- "LOAD $AF9, Gr2"
375 => "0000101011111001",
376 => B"010111_0010_11_0010", -- "LOAD $C00, Gr2, Gr2"
377 => "0000110000000000",
378 => B"010110_0010_01_0000", -- "STORE $D00, Gr2"
379 => "0000110100000000",
-- SNAKEHITLOOP1 -- 380
380 => B"010111_0011_11_0000", -- "LOAD $C40, Gr3, Gr0"
381 => "0000110001000000",
382 => B"000100_0011_01_0000", -- "CMP $D00, Gr3"
383 => "0000110100000000",
384 => B"001010_0000_00_0000", -- "BNE #SNAKELOOPCONTINUE1" -- 388
385 => "0000000110000100", -- 388
386 => B"001001_0000_00_0000", -- "BRA #MENU" -- 0
387 => "0000000000000000", -- 0
-- SNAKELOOPCONTINUE1 -- 388
388 => B"010111_1111_11_0000", -- "LOAD $C40, Gr15, Gr0"
389 => "0000110001000000",
390 => B"010111_1000_00_0000", -- "LOAD #$3000, Gr8"
391 => "0011000000000000",
392 => B"011000_1000_00_0000", -- "GSTORE Gr8"
393 => "0000000000000000", -- 0
394 => B"000001_0000_00_0000", -- "ADD #1, Gr0"
395 => "0000000000000001", -- 1
396 => B"000101_0000_00_0000", -- "AND #$003F, Gr0"
397 => "0000000000111111", -- 63
398 => B"000100_0000_01_0000", -- "CMP $AFB, Gr0"
399 => "0000101011111011",
400 => B"001010_0000_00_0000", -- "BNE #SNAKEHITLOOP1" -- 380
401 => "0000000101111100", -- 380
402 => B"010111_0000_00_0000", -- "LOAD #0, Gr0"
403 => "0000000000000000", -- 0
404 => B"010111_0001_00_0000", -- "LOAD #0, Gr1"
405 => "0000000000000000", -- 0
-- GAMEWAITLOOPU -- 114
406 => B"000001_0000_00_0000", -- "ADD #1, Gr0"
407 => "0000000000000001", -- 1
408 => B"000100_0000_00_0000", -- "CMP #$FFFF, Gr0"
409 => "1111111111111111",
410 => B"001010_0000_00_0000", -- "BNE #GAMEWAITLOOPU" -- 114
411 => "0000000110010110", -- 406
412 => B"000001_0001_00_0000", -- "ADD #1, Gr1"
413 => "0000000000000001", -- 1
414 => B"000100_0001_01_0000", -- "CMP $CC1, Gr1"
415 => "0000110011000001",
416 => B"001010_0000_00_0000", -- "BNE GAMEWAITLOOPU" -- 114
417 => "0000000110010110", -- 406
418 => B"001001_0000_00_0000", -- "BRA #GAMELOOP" -- 114
419 => "0000000011011010", -- 218
-- TOGMEM -- 420
420 => B"010011_1101_00_0000", -- "LSL #5, Gr13"
421 => "0000000000000101", -- 5
422 => B"010110_1100_01_0000", -- "STORE $F00, Gr12"
423 => "0000111100000000",
424 => B"010110_1101_01_0000", -- "STORE $F01, Gr13"
425 => "0000111100000001",
426 => B"010111_1111_01_0000", -- "LOAD $F01, Gr15"
427 => "0000111100000001",
428 => B"000110_1111_01_0000", -- "OR $F00, Gr15"
429 => "0000111100000000",
430 => B"010110_1110_01_0000", -- "STORE $AF8, Gr14 "
431 => "0000101011111000",
432 => B"001001_0000_00_0000", -- "BRA $AF8"
433 => "0000101011111000",
-- FROMGMEM -- 434
434 => B"010110_1110_01_0000", -- "STORE $F00, Gr14"
435 => "0000111100000000",
436 => B"010111_1100_01_0000", -- "LOAD $F00, Gr12"
437 => "0000111100000000",
438 => B"000101_1100_00_0000", -- "AND #$001F, Gr12"
439 => "0000000000011111", -- 31
440 => B"010111_1101_01_0000", -- "LOAD $F00, Gr13"
441 => "0000111100000000",
442 => B"010010_1101_00_0000", -- "LSR #5, Gr13"
443 => "0000000000000101", -- 5
444 => B"010110_1110_01_0000", -- "STORE $AF8, Gr14 "
445 => "0000101011111000",
446 => B"001001_0000_00_0000", -- "BRA $AF8"
447 => "0000101011111000",
-- GETOBSTACLEBYGMEM -- 448
448 => B"010110_1111_01_0000", -- "STORE $F00, Gr15"
449 => "0000111100000000",
450 => B"010111_1100_01_0000", -- "LOAD $F00, Gr12"
451 => "0000111100000000",
452 => B"000101_1100_00_0000", -- "AND #$001F, Gr12"
453 => "0000000000011111", -- 31
454 => B"010010_1111_00_0000", -- "LSR #5, Gr15"
455 => "0000000000000101", -- 5
456 => B"010011_1111_00_0000", -- "LSL #5, Gr15"
457 => "0000000000000101", -- 5
458 => B"010110_1111_01_0000", -- "STORE $F00, Gr15"
459 => "0000111100000000",
460 => B"000001_1100_01_0000", -- "ADD $F00, Gr12"
461 => "0000111100000000",
462 => B"010110_1100_01_0000", -- "STORE $F00, Gr12"
463 => "0000111100000000",
464 => B"010111_1111_01_0000", -- "LOAD $F00, Gr15"
465 => "0000111100000000",
466 => B"010010_1111_00_0000", -- "LSR #4, Gr15"
467 => "0000000000000100", -- 4
468 => B"000101_1100_00_0000", -- "AND #$000F, Gr12"
469 => "0000000000001111", -- 15
470 => B"010111_1010_11_1111", -- "LOAD $C80, Gr10, Gr15"
471 => "0000110010000000",
472 => B"010110_1100_01_0000", -- "STORE $F00, Gr12"
473 => "0000111100000000",
474 => B"010011_1111_01_0000", -- "LSL $F00, Gr15"
475 => "0000111100000000",
476 => B"000101_1111_00_0000", -- "AND #$8000, Gr15"
477 => "1000000000000000",
478 => B"010111_1011_00_0000", -- "LOAD #$0000, Gr11"
479 => "0000000000000000", -- 0
480 => B"000100_1111_00_0000", -- "CMP #$8000, Gr15"
481 => "1000000000000000",
482 => B"001010_0000_00_0000", -- "BNE #WASNOTOBSTACLE" -- 486
483 => "0000000111100110", -- 486
484 => B"010111_1011_00_0000", -- "LOAD #$FFFF, Gr11"
485 => "1111111111111111",
-- WASNOTOBSTACLE -- 486
486 => B"010110_1110_01_0000", -- "STORE $AF8, Gr14 "
487 => "0000101011111000",
488 => B"001001_0000_00_0000", -- "BRA $AF8"
489 => "0000101011111000",
others => B"000000_0000_00_0000"
